Arguments: 
  /home/dev/.nvm/versions/node/v14.15.0/bin/node /usr/share/yarn/bin/yarn.js

PATH: 
  /home/dev/.poetry/bin:/home/dev/.local/bin:/home/dev/.pyenv/plugins/pyenv-virtualenv/shims:/home/dev/.pyenv/shims:/home/dev/.pyenv/bin:/home/dev/.sdkman/candidates/java/current/bin:/home/dev/.nvm/versions/node/v14.15.0/bin:/usr/local/sbin:/usr/local/bin:/usr/sbin:/usr/bin:/sbin:/bin:/usr/games:/home/dev/.sdkman/candidates/java/current/bin/java

Yarn version: 
  1.22.5

Node version: 
  14.15.0

Platform: 
  linux x64

Trace: 
  SyntaxError: /home/dev/play/package.json: Unexpected token } in JSON at position 483
      at JSON.parse (<anonymous>)
      at /usr/share/yarn/lib/cli.js:1625:59
      at Generator.next (<anonymous>)
      at step (/usr/share/yarn/lib/cli.js:310:30)
      at /usr/share/yarn/lib/cli.js:321:13

npm manifest: 
  {
    "name": "play",
    "version": "0.0.0",
    "private": true,
    "main": "src/server.js",
    "nodemonConfig": {
      "exec": "npm run dev",
      "ignore": [
        "**/__tests__/**",
        "*.test.js",
        "*.spec.js"
      ]
    },
    "scripts": {
      "dev": "NODE_ENV=dev node -r esm .",
      "dw": "nodemon",
      "start:dev": "NODE_ENV=dev node -r esm .",
      "start:prd": "NODE_ENV=prd node -r esm .",
      "start": "node -r esm ."
    },
    "dependencies": {
      "date-and-time": "^1.0.1",
    },
    "devDependencies": {
      "babel-eslint": "^10.1.0",
      "eslint": "^7.8.1",
      "eslint-config-prettier": "^8.3.0",
      "jest": "^26.4.2",
      "mocha": "^8.1.3",
      "nodemon": "^2.0.4",
      "prettier": "2.3.2",
      "supertest": "^4.0.2"
    }
  }

yarn manifest: 
  No manifest

Lockfile: 
  No lockfile
